Performing C SOURCE FILE Test CMAKE_HAVE_LIBC_PTHREAD failed with the following output:
Change Dir: /root/quantragrpc/CMakeFiles/CMakeTmp

Run Build Command(s):/usr/bin/make cmTC_9f2ac/fast && /usr/bin/make -f CMakeFiles/cmTC_9f2ac.dir/build.make CMakeFiles/cmTC_9f2ac.dir/build
make[1]: Entering directory '/root/quantragrpc/CMakeFiles/CMakeTmp'
Building C object CMakeFiles/cmTC_9f2ac.dir/src.c.o
/usr/bin/cc   -DCMAKE_HAVE_LIBC_PTHREAD   -o CMakeFiles/cmTC_9f2ac.dir/src.c.o   -c /root/quantragrpc/CMakeFiles/CMakeTmp/src.c
Linking C executable cmTC_9f2ac
/usr/bin/cmake -E cmake_link_script CMakeFiles/cmTC_9f2ac.dir/link.txt --verbose=1
/usr/bin/cc  -DCMAKE_HAVE_LIBC_PTHREAD    -rdynamic CMakeFiles/cmTC_9f2ac.dir/src.c.o  -o cmTC_9f2ac 
/usr/bin/ld: CMakeFiles/cmTC_9f2ac.dir/src.c.o: in function `main':
src.c:(.text+0x2f): undefined reference to `pthread_create'
/usr/bin/ld: src.c:(.text+0x3b): undefined reference to `pthread_detach'
/usr/bin/ld: src.c:(.text+0x4c): undefined reference to `pthread_join'
collect2: error: ld returned 1 exit status
make[1]: *** [CMakeFiles/cmTC_9f2ac.dir/build.make:87: cmTC_9f2ac] Error 1
make[1]: Leaving directory '/root/quantragrpc/CMakeFiles/CMakeTmp'
make: *** [Makefile:121: cmTC_9f2ac/fast] Error 2


Source file was:
#include <pthread.h>

void* test_func(void* data)
{
  return data;
}

int main(void)
{
  pthread_t thread;
  pthread_create(&thread, NULL, test_func, NULL);
  pthread_detach(thread);
  pthread_join(thread, NULL);
  pthread_atfork(NULL, NULL, NULL);
  pthread_exit(NULL);

  return 0;
}

Determining if the function pthread_create exists in the pthreads failed with the following output:
Change Dir: /root/quantragrpc/CMakeFiles/CMakeTmp

Run Build Command(s):/usr/bin/make cmTC_c0efd/fast && /usr/bin/make -f CMakeFiles/cmTC_c0efd.dir/build.make CMakeFiles/cmTC_c0efd.dir/build
make[1]: Entering directory '/root/quantragrpc/CMakeFiles/CMakeTmp'
Building C object CMakeFiles/cmTC_c0efd.dir/CheckFunctionExists.c.o
/usr/bin/cc   -DCHECK_FUNCTION_EXISTS=pthread_create   -o CMakeFiles/cmTC_c0efd.dir/CheckFunctionExists.c.o   -c /usr/share/cmake-3.16/Modules/CheckFunctionExists.c
Linking C executable cmTC_c0efd
/usr/bin/cmake -E cmake_link_script CMakeFiles/cmTC_c0efd.dir/link.txt --verbose=1
/usr/bin/cc  -DCHECK_FUNCTION_EXISTS=pthread_create    -rdynamic CMakeFiles/cmTC_c0efd.dir/CheckFunctionExists.c.o  -o cmTC_c0efd  -lpthreads 
/usr/bin/ld: cannot find -lpthreads
collect2: error: ld returned 1 exit status
make[1]: *** [CMakeFiles/cmTC_c0efd.dir/build.make:87: cmTC_c0efd] Error 1
make[1]: Leaving directory '/root/quantragrpc/CMakeFiles/CMakeTmp'
make: *** [Makefile:121: cmTC_c0efd/fast] Error 2



