Determining if the pthread_create exist failed with the following output:
Change Dir: /root/quantra/build/CMakeFiles/CMakeTmp

Run Build Command:"/usr/bin/make" "cmTC_3b753/fast"
make[1]: Entering directory '/root/quantra/build/CMakeFiles/CMakeTmp'
/usr/bin/make -f CMakeFiles/cmTC_3b753.dir/build.make CMakeFiles/cmTC_3b753.dir/build
make[2]: Entering directory '/root/quantra/build/CMakeFiles/CMakeTmp'
Building C object CMakeFiles/cmTC_3b753.dir/CheckSymbolExists.c.o
/usr/bin/cc    -o CMakeFiles/cmTC_3b753.dir/CheckSymbolExists.c.o   -c /root/quantra/build/CMakeFiles/CMakeTmp/CheckSymbolExists.c
Linking C executable cmTC_3b753
/usr/bin/cmake -E cmake_link_script CMakeFiles/cmTC_3b753.dir/link.txt --verbose=1
/usr/bin/cc      -rdynamic CMakeFiles/cmTC_3b753.dir/CheckSymbolExists.c.o  -o cmTC_3b753 
/usr/bin/ld: CMakeFiles/cmTC_3b753.dir/CheckSymbolExists.c.o: in function `main':
CheckSymbolExists.c:(.text+0x1b): undefined reference to `pthread_create'
collect2: error: ld returned 1 exit status
make[2]: *** [CMakeFiles/cmTC_3b753.dir/build.make:87: cmTC_3b753] Error 1
make[2]: Leaving directory '/root/quantra/build/CMakeFiles/CMakeTmp'
make[1]: *** [Makefile:121: cmTC_3b753/fast] Error 2
make[1]: Leaving directory '/root/quantra/build/CMakeFiles/CMakeTmp'

File /root/quantra/build/CMakeFiles/CMakeTmp/CheckSymbolExists.c:
/* */
#include <pthread.h>

int main(int argc, char** argv)
{
  (void)argv;
#ifndef pthread_create
  return ((int*)(&pthread_create))[argc];
#else
  (void)argc;
  return 0;
#endif
}

Determining if the function pthread_create exists in the pthreads failed with the following output:
Change Dir: /root/quantra/build/CMakeFiles/CMakeTmp

Run Build Command:"/usr/bin/make" "cmTC_6b9c8/fast"
make[1]: Entering directory '/root/quantra/build/CMakeFiles/CMakeTmp'
/usr/bin/make -f CMakeFiles/cmTC_6b9c8.dir/build.make CMakeFiles/cmTC_6b9c8.dir/build
make[2]: Entering directory '/root/quantra/build/CMakeFiles/CMakeTmp'
Building C object CMakeFiles/cmTC_6b9c8.dir/CheckFunctionExists.c.o
/usr/bin/cc   -DCHECK_FUNCTION_EXISTS=pthread_create   -o CMakeFiles/cmTC_6b9c8.dir/CheckFunctionExists.c.o   -c /usr/share/cmake-3.13/Modules/CheckFunctionExists.c
Linking C executable cmTC_6b9c8
/usr/bin/cmake -E cmake_link_script CMakeFiles/cmTC_6b9c8.dir/link.txt --verbose=1
/usr/bin/cc  -DCHECK_FUNCTION_EXISTS=pthread_create    -rdynamic CMakeFiles/cmTC_6b9c8.dir/CheckFunctionExists.c.o  -o cmTC_6b9c8 -lpthreads 
/usr/bin/ld: cannot find -lpthreads
collect2: error: ld returned 1 exit status
make[2]: *** [CMakeFiles/cmTC_6b9c8.dir/build.make:87: cmTC_6b9c8] Error 1
make[2]: Leaving directory '/root/quantra/build/CMakeFiles/CMakeTmp'
make[1]: *** [Makefile:121: cmTC_6b9c8/fast] Error 2
make[1]: Leaving directory '/root/quantra/build/CMakeFiles/CMakeTmp'


